#
# A fatal error has been detected by the Java Runtime Environment:
#
#  Internal Error (classFileParser.cpp:3494), pid=30079, tid=139796563007232
#  Error: ShouldNotReachHere()
#
# JRE version: 6.0_27-b27
# Java VM: OpenJDK 64-Bit Server VM (20.0-b12 mixed mode linux-amd64 compressed oops)
# Derivative: IcedTea6 1.12.5
# Distribution: Ubuntu 13.04, package 6b27-1.12.5-1ubuntu1
# If you would like to submit a bug report, please include
# instructions how to reproduce the bug and visit:
#   https://bugs.launchpad.net/ubuntu/+source/openjdk-6/
#

---------------  T H R E A D  ---------------

Current thread (0x00007f24e4008000):  JavaThread "Unknown thread" [_thread_in_vm, id=30080, stack(0x00007f24ec6a9000,0x00007f24ec7aa000)]

Stack: [0x00007f24ec6a9000,0x00007f24ec7aa000],  sp=0x00007f24ec7a8090,  free space=1020k
Native frames: (J=compiled Java code, j=interpreted, Vv=VM code, C=native code)
V  [libjvm.so+0x798035]  VMError::report(outputStream*)+0x1245
V  [libjvm.so+0x7982b9]  VMError::report_and_die()+0x169
V  [libjvm.so+0x3c118a]  report_vm_error(char const*, int, char const*, char const*)+0x4a
V  [libjvm.so+0x356017]  ClassFileParser::parseClassFile(symbolHandle, Handle, Handle, KlassHandle, GrowableArray<Handle>*, symbolHandle&, bool, Thread*)+0x15e7
V  [libjvm.so+0x35b295]  ClassLoader::load_classfile(symbolHandle, Thread*)+0x1f5
V  [libjvm.so+0x73308b]  SystemDictionary::load_instance_class(symbolHandle, Handle, Thread*)+0x38b
V  [libjvm.so+0x731930]  SystemDictionary::resolve_instance_class_or_null(symbolHandle, Handle, Handle, Thread*)+0x9f0
V  [libjvm.so+0x733713]  SystemDictionary::resolve_or_fail(symbolHandle, Handle, Handle, bool, Thread*)+0x33
V  [libjvm.so+0x7337e4]  SystemDictionary::resolve_or_fail(symbolHandle, bool, Thread*)+0x14
V  [libjvm.so+0x73389d]  SystemDictionary::initialize_wk_klass(SystemDictionary::WKID, int, Thread*)+0xad
V  [libjvm.so+0x73390e]  SystemDictionary::initialize_wk_klasses_until(SystemDictionary::WKID, SystemDictionary::WKID&, Thread*)+0x5e
V  [libjvm.so+0x7339ff]  SystemDictionary::initialize_preloaded_classes(Thread*)+0x6f
V  [libjvm.so+0x77475f]  Universe::genesis(Thread*)+0x11f
V  [libjvm.so+0x77516f]  universe2_init()+0x1f
V  [libjvm.so+0x4812d5]  init_globals()+0x95
V  [libjvm.so+0x75ea42]  Threads::create_vm(JavaVMInitArgs*, bool*)+0x1e2
V  [libjvm.so+0x4d973d]  JNI_CreateJavaVM+0x5d
C  [java+0x324d]  JavaMain+0x7d


---------------  P R O C E S S  ---------------

Java Threads: ( => current thread )

Other Threads:

=>0x00007f24e4008000 (exited) JavaThread "Unknown thread" [_thread_in_vm, id=30080, stack(0x00007f24ec6a9000,0x00007f24ec7aa000)]

VM state:not at safepoint (not fully initialized)

VM Mutex/Monitor currently owned by a thread: None

Dynamic libraries:
00400000-00409000 r-xp 00000000 08:01 270887                             /usr/lib/jvm/java-6-openjdk-amd64/jre/bin/java
00608000-00609000 r--p 00008000 08:01 270887                             /usr/lib/jvm/java-6-openjdk-amd64/jre/bin/java
00609000-0060a000 rw-p 00009000 08:01 270887                             /usr/lib/jvm/java-6-openjdk-amd64/jre/bin/java
02013000-02034000 rw-p 00000000 00:00 0                                  [heap]
77a800000-77bcc0000 rw-p 00000000 00:00 0 
77bcc0000-784e00000 rw-p 00000000 00:00 0 
784e00000-78a010000 rw-p 00000000 00:00 0 
78a010000-7d6f60000 rw-p 00000000 00:00 0 
7d6f60000-7d9860000 rw-p 00000000 00:00 0 
7d9860000-800000000 rw-p 00000000 00:00 0 
7f24cc000000-7f24cc021000 rw-p 00000000 00:00 0 
7f24cc021000-7f24d0000000 ---p 00000000 00:00 0 
7f24d0000000-7f24d0021000 rw-p 00000000 00:00 0 
7f24d0021000-7f24d4000000 ---p 00000000 00:00 0 
7f24d4000000-7f24d4021000 rw-p 00000000 00:00 0 
7f24d4021000-7f24d8000000 ---p 00000000 00:00 0 
7f24dc000000-7f24dc021000 rw-p 00000000 00:00 0 
7f24dc021000-7f24e0000000 ---p 00000000 00:00 0 
7f24e1000000-7f24e1270000 rwxp 00000000 00:00 0 
7f24e1270000-7f24e407f000 rw-p 00000000 00:00 0 
7f24e407f000-7f24e8000000 ---p 00000000 00:00 0 
7f24e8918000-7f24e89de000 r--s 0116f000 08:01 36316038                   /home/rarnu/Develop/android-sdk/platforms/android-17/android.jar
7f24e89de000-7f24e8a06000 rw-p 00000000 00:00 0 
7f24e8a06000-7f24e8a07000 ---p 00000000 00:00 0 
7f24e8a07000-7f24e8b07000 rw-p 00000000 00:00 0                          [stack:30086]
7f24e8b07000-7f24e8b08000 ---p 00000000 00:00 0 
7f24e8b08000-7f24e8c08000 rw-p 00000000 00:00 0                          [stack:30085]
7f24e8c08000-7f24e8c09000 ---p 00000000 00:00 0 
7f24e8c09000-7f24e8d09000 rw-p 00000000 00:00 0                          [stack:30084]
7f24e8d09000-7f24e8d0a000 ---p 00000000 00:00 0 
7f24e8d0a000-7f24e8e15000 rw-p 00000000 00:00 0                          [stack:30083]
7f24e8e15000-7f24e8e5d000 rw-p 00000000 00:00 0 
7f24e8e5d000-7f24e8e87000 rw-p 00000000 00:00 0 
7f24e8e87000-7f24e90ee000 rw-p 00000000 00:00 0 
7f24e90ee000-7f24e90f9000 rw-p 00000000 00:00 0 
7f24e90f9000-7f24e9141000 rw-p 00000000 00:00 0 
7f24e9141000-7f24e916b000 rw-p 00000000 00:00 0 
7f24e916b000-7f24e93d1000 rw-p 00000000 00:00 0 
7f24e93d1000-7f24e93e7000 rw-p 00000000 00:00 0 
7f24e93e7000-7f24e951a000 rw-p 00000000 00:00 0 
7f24e951a000-7f24e951b000 rw-p 00000000 00:00 0 
7f24e951b000-7f24e9522000 r-xp 00000000 08:01 271317                     /usr/lib/jvm/java-6-openjdk-amd64/jre/lib/amd64/libzip.so
7f24e9522000-7f24e9721000 ---p 00007000 08:01 271317                     /usr/lib/jvm/java-6-openjdk-amd64/jre/lib/amd64/libzip.so
7f24e9721000-7f24e9722000 r--p 00006000 08:01 271317                     /usr/lib/jvm/java-6-openjdk-amd64/jre/lib/amd64/libzip.so
7f24e9722000-7f24e9723000 rw-p 00007000 08:01 271317                     /usr/lib/jvm/java-6-openjdk-amd64/jre/lib/amd64/libzip.so
7f24e9723000-7f24e972f000 r-xp 00000000 08:01 50597544                   /lib/x86_64-linux-gnu/libnss_files-2.17.so
7f24e972f000-7f24e992e000 ---p 0000c000 08:01 50597544                   /lib/x86_64-linux-gnu/libnss_files-2.17.so
7f24e992e000-7f24e992f000 r--p 0000b000 08:01 50597544                   /lib/x86_64-linux-gnu/libnss_files-2.17.so
7f24e992f000-7f24e9930000 rw-p 0000c000 08:01 50597544                   /lib/x86_64-linux-gnu/libnss_files-2.17.so
7f24e9930000-7f24e993b000 r-xp 00000000 08:01 50597548                   /lib/x86_64-linux-gnu/libnss_nis-2.17.so
7f24e993b000-7f24e9b3a000 ---p 0000b000 08:01 50597548                   /lib/x86_64-linux-gnu/libnss_nis-2.17.so
7f24e9b3a000-7f24e9b3b000 r--p 0000a000 08:01 50597548                   /lib/x86_64-linux-gnu/libnss_nis-2.17.so
7f24e9b3b000-7f24e9b3c000 rw-p 0000b000 08:01 50597548                   /lib/x86_64-linux-gnu/libnss_nis-2.17.so
7f24e9b3c000-7f24e9b53000 r-xp 00000000 08:01 50597538                   /lib/x86_64-linux-gnu/libnsl-2.17.so
7f24e9b53000-7f24e9d52000 ---p 00017000 08:01 50597538                   /lib/x86_64-linux-gnu/libnsl-2.17.so
7f24e9d52000-7f24e9d53000 r--p 00016000 08:01 50597538                   /lib/x86_64-linux-gnu/libnsl-2.17.so
7f24e9d53000-7f24e9d54000 rw-p 00017000 08:01 50597538                   /lib/x86_64-linux-gnu/libnsl-2.17.so
7f24e9d54000-7f24e9d56000 rw-p 00000000 00:00 0 
7f24e9d56000-7f24e9d5e000 r-xp 00000000 08:01 50597540                   /lib/x86_64-linux-gnu/libnss_compat-2.17.so
7f24e9d5e000-7f24e9f5d000 ---p 00008000 08:01 50597540                   /lib/x86_64-linux-gnu/libnss_compat-2.17.so
7f24e9f5d000-7f24e9f5e000 r--p 00007000 08:01 50597540                   /lib/x86_64-linux-gnu/libnss_compat-2.17.so
7f24e9f5e000-7f24e9f5f000 rw-p 00008000 08:01 50597540                   /lib/x86_64-linux-gnu/libnss_compat-2.17.so
7f24e9f5f000-7f24e9f8c000 r-xp 00000000 08:01 271304                     /usr/lib/jvm/java-6-openjdk-amd64/jre/lib/amd64/libjava.so
7f24e9f8c000-7f24ea18c000 ---p 0002d000 08:01 271304                     /usr/lib/jvm/java-6-openjdk-amd64/jre/lib/amd64/libjava.so
7f24ea18c000-7f24ea18d000 r--p 0002d000 08:01 271304                     /usr/lib/jvm/java-6-openjdk-amd64/jre/lib/amd64/libjava.so
7f24ea18d000-7f24ea190000 rw-p 0002e000 08:01 271304                     /usr/lib/jvm/java-6-openjdk-amd64/jre/lib/amd64/libjava.so
7f24ea190000-7f24ea19f000 r-xp 00000000 08:01 271316                     /usr/lib/jvm/java-6-openjdk-amd64/jre/lib/amd64/libverify.so
7f24ea19f000-7f24ea39e000 ---p 0000f000 08:01 271316                     /usr/lib/jvm/java-6-openjdk-amd64/jre/lib/amd64/libverify.so
7f24ea39e000-7f24ea3a0000 r--p 0000e000 08:01 271316                     /usr/lib/jvm/java-6-openjdk-amd64/jre/lib/amd64/libverify.so
7f24ea3a0000-7f24ea3a1000 rw-p 00010000 08:01 271316                     /usr/lib/jvm/java-6-openjdk-amd64/jre/lib/amd64/libverify.so
7f24ea3a1000-7f24ea3a8000 r-xp 00000000 08:01 50597591                   /lib/x86_64-linux-gnu/librt-2.17.so
7f24ea3a8000-7f24ea5a7000 ---p 00007000 08:01 50597591                   /lib/x86_64-linux-gnu/librt-2.17.so
7f24ea5a7000-7f24ea5a8000 r--p 00006000 08:01 50597591                   /lib/x86_64-linux-gnu/librt-2.17.so
7f24ea5a8000-7f24ea5a9000 rw-p 00007000 08:01 50597591                   /lib/x86_64-linux-gnu/librt-2.17.so
7f24ea5a9000-7f24ea5bd000 r-xp 00000000 08:01 50597496                   /lib/x86_64-linux-gnu/libgcc_s.so.1
7f24ea5bd000-7f24ea7bd000 ---p 00014000 08:01 50597496                   /lib/x86_64-linux-gnu/libgcc_s.so.1
7f24ea7bd000-7f24ea7be000 r--p 00014000 08:01 50597496                   /lib/x86_64-linux-gnu/libgcc_s.so.1
7f24ea7be000-7f24ea7bf000 rw-p 00015000 08:01 50597496                   /lib/x86_64-linux-gnu/libgcc_s.so.1
7f24ea7bf000-7f24ea8c2000 r-xp 00000000 08:01 50597519                   /lib/x86_64-linux-gnu/libm-2.17.so
7f24ea8c2000-7f24eaac2000 ---p 00103000 08:01 50597519                   /lib/x86_64-linux-gnu/libm-2.17.so
7f24eaac2000-7f24eaac3000 r--p 00103000 08:01 50597519                   /lib/x86_64-linux-gnu/libm-2.17.so
7f24eaac3000-7f24eaac4000 rw-p 00104000 08:01 50597519                   /lib/x86_64-linux-gnu/libm-2.17.so
7f24eaac4000-7f24eaba9000 r-xp 00000000 08:01 60300696                   /usr/lib/x86_64-linux-gnu/libstdc++.so.6.0.17
7f24eaba9000-7f24eada8000 ---p 000e5000 08:01 60300696                   /usr/lib/x86_64-linux-gnu/libstdc++.so.6.0.17
7f24eada8000-7f24eadb0000 r--p 000e4000 08:01 60300696                   /usr/lib/x86_64-linux-gnu/libstdc++.so.6.0.17
7f24eadb0000-7f24eadb2000 rw-p 000ec000 08:01 60300696                   /usr/lib/x86_64-linux-gnu/libstdc++.so.6.0.17
7f24eadb2000-7f24eadc7000 rw-p 00000000 00:00 0 
7f24eadc7000-7f24eb6e5000 r-xp 00000000 08:01 271326                     /usr/lib/jvm/java-6-openjdk-amd64/jre/lib/amd64/server/libjvm.so
7f24eb6e5000-7f24eb8e5000 ---p 0091e000 08:01 271326                     /usr/lib/jvm/java-6-openjdk-amd64/jre/lib/amd64/server/libjvm.so
7f24eb8e5000-7f24eb966000 r--p 0091e000 08:01 271326                     /usr/lib/jvm/java-6-openjdk-amd64/jre/lib/amd64/server/libjvm.so
7f24eb966000-7f24eb981000 rw-p 0099f000 08:01 271326                     /usr/lib/jvm/java-6-openjdk-amd64/jre/lib/amd64/server/libjvm.so
7f24eb981000-7f24eb9aa000 rw-p 00000000 00:00 0 
7f24eb9aa000-7f24eb9c0000 r-xp 00000000 08:01 50597624                   /lib/x86_64-linux-gnu/libz.so.1.2.7
7f24eb9c0000-7f24ebbbf000 ---p 00016000 08:01 50597624                   /lib/x86_64-linux-gnu/libz.so.1.2.7
7f24ebbbf000-7f24ebbc0000 r--p 00015000 08:01 50597624                   /lib/x86_64-linux-gnu/libz.so.1.2.7
7f24ebbc0000-7f24ebbc1000 rw-p 00016000 08:01 50597624                   /lib/x86_64-linux-gnu/libz.so.1.2.7
7f24ebbc1000-7f24ebd7f000 r-xp 00000000 08:01 50597471                   /lib/x86_64-linux-gnu/libc-2.17.so
7f24ebd7f000-7f24ebf7e000 ---p 001be000 08:01 50597471                   /lib/x86_64-linux-gnu/libc-2.17.so
7f24ebf7e000-7f24ebf82000 r--p 001bd000 08:01 50597471                   /lib/x86_64-linux-gnu/libc-2.17.so
7f24ebf82000-7f24ebf84000 rw-p 001c1000 08:01 50597471                   /lib/x86_64-linux-gnu/libc-2.17.so
7f24ebf84000-7f24ebf89000 rw-p 00000000 00:00 0 
7f24ebf89000-7f24ebf8c000 r-xp 00000000 08:01 50597486                   /lib/x86_64-linux-gnu/libdl-2.17.so
7f24ebf8c000-7f24ec18b000 ---p 00003000 08:01 50597486                   /lib/x86_64-linux-gnu/libdl-2.17.so
7f24ec18b000-7f24ec18c000 r--p 00002000 08:01 50597486                   /lib/x86_64-linux-gnu/libdl-2.17.so
7f24ec18c000-7f24ec18d000 rw-p 00003000 08:01 50597486                   /lib/x86_64-linux-gnu/libdl-2.17.so
7f24ec18d000-7f24ec191000 r-xp 00000000 08:01 271307                     /usr/lib/jvm/java-6-openjdk-amd64/jre/lib/amd64/jli/libjli.so
7f24ec191000-7f24ec390000 ---p 00004000 08:01 271307                     /usr/lib/jvm/java-6-openjdk-amd64/jre/lib/amd64/jli/libjli.so
7f24ec390000-7f24ec391000 r--p 00003000 08:01 271307                     /usr/lib/jvm/java-6-openjdk-amd64/jre/lib/amd64/jli/libjli.so
7f24ec391000-7f24ec392000 rw-p 00004000 08:01 271307                     /usr/lib/jvm/java-6-openjdk-amd64/jre/lib/amd64/jli/libjli.so
7f24ec392000-7f24ec3aa000 r-xp 00000000 08:01 50597583                   /lib/x86_64-linux-gnu/libpthread-2.17.so
7f24ec3aa000-7f24ec5a9000 ---p 00018000 08:01 50597583                   /lib/x86_64-linux-gnu/libpthread-2.17.so
7f24ec5a9000-7f24ec5aa000 r--p 00017000 08:01 50597583                   /lib/x86_64-linux-gnu/libpthread-2.17.so
7f24ec5aa000-7f24ec5ab000 rw-p 00018000 08:01 50597583                   /lib/x86_64-linux-gnu/libpthread-2.17.so
7f24ec5ab000-7f24ec5af000 rw-p 00000000 00:00 0 
7f24ec5af000-7f24ec5d2000 r-xp 00000000 08:01 50597447                   /lib/x86_64-linux-gnu/ld-2.17.so
7f24ec5e9000-7f24ec5f3000 rw-p 00000000 00:00 0 
7f24ec5f3000-7f24ec6a9000 rw-p 00000000 00:00 0 
7f24ec6a9000-7f24ec6ac000 ---p 00000000 00:00 0 
7f24ec6ac000-7f24ec7af000 rw-p 00000000 00:00 0                          [stack:30080]
7f24ec7c5000-7f24ec7cd000 rw-s 00000000 08:01 54263856                   /tmp/hsperfdata_rarnu/30079
7f24ec7cd000-7f24ec7ce000 rw-p 00000000 00:00 0 
7f24ec7ce000-7f24ec7cf000 r--p 00000000 00:00 0 
7f24ec7cf000-7f24ec7d1000 rw-p 00000000 00:00 0 
7f24ec7d1000-7f24ec7d2000 r--p 00022000 08:01 50597447                   /lib/x86_64-linux-gnu/ld-2.17.so
7f24ec7d2000-7f24ec7d4000 rw-p 00023000 08:01 50597447                   /lib/x86_64-linux-gnu/ld-2.17.so
7fffad26c000-7fffad28d000 rw-p 00000000 00:00 0                          [stack]
7fffad3fe000-7fffad400000 r-xp 00000000 00:00 0                          [vdso]
ffffffffff600000-ffffffffff601000 r-xp 00000000 00:00 0                  [vsyscall]

VM Arguments:
jvm_args: -Dfile.encoding=UTF-8 -Xbootclasspath:/home/rarnu/Develop/android-sdk/platforms/android-17/android.jar 
java_command: com.zoe.calendar.fragment.MonthFragment
Launcher Type: SUN_STANDARD

Environment Variables:
PATH=/usr/lib/lightdm/lightdm:/usr/local/sbin:/usr/local/bin:/usr/sbin:/usr/bin:/sbin:/bin:/usr/games:/usr/local/games
LD_LIBRARY_PATH=/usr/lib/jvm/java-6-openjdk-amd64/jre/lib/amd64/server:/usr/lib/jvm/java-6-openjdk-amd64/jre/lib/amd64:/usr/lib/jvm/java-6-openjdk-amd64/jre/../lib/amd64
SHELL=/bin/bash
DISPLAY=:0

Signal Handlers:
SIGSEGV: [libjvm.so+0x798d20], sa_mask[0]=0x7ffbfeff, sa_flags=0x10000004
SIGBUS: [libjvm.so+0x798d20], sa_mask[0]=0x7ffbfeff, sa_flags=0x10000004
SIGFPE: [libjvm.so+0x65f8d0], sa_mask[0]=0x7ffbfeff, sa_flags=0x10000004
SIGPIPE: [libjvm.so+0x65f8d0], sa_mask[0]=0x7ffbfeff, sa_flags=0x10000004
SIGXFSZ: [libjvm.so+0x65f8d0], sa_mask[0]=0x7ffbfeff, sa_flags=0x10000004
SIGILL: [libjvm.so+0x65f8d0], sa_mask[0]=0x7ffbfeff, sa_flags=0x10000004
SIGUSR1: SIG_DFL, sa_mask[0]=0x00000000, sa_flags=0x00000000
SIGUSR2: [libjvm.so+0x65fad0], sa_mask[0]=0x00000004, sa_flags=0x10000004
SIGHUP: SIG_DFL, sa_mask[0]=0x00000000, sa_flags=0x00000000
SIGINT: SIG_DFL, sa_mask[0]=0x00000000, sa_flags=0x00000000
SIGTERM: SIG_DFL, sa_mask[0]=0x00000000, sa_flags=0x00000000
SIGQUIT: SIG_DFL, sa_mask[0]=0x00000000, sa_flags=0x00000000


---------------  S Y S T E M  ---------------

OS:Ubuntu 13.04 (raring)
uname:Linux 3.8.0-21-generic #32-Ubuntu SMP Tue May 14 22:16:46 UTC 2013 x86_64
libc:glibc 2.17 NPTL 2.17 
rlimit: STACK 8192k, CORE 0k, NPROC 62828, NOFILE 4096, AS infinity
load average:0.54 0.61 0.67

/proc/meminfo:
MemTotal:        8061152 kB
MemFree:          361636 kB
Buffers:          323008 kB
Cached:          4649940 kB
SwapCached:            0 kB
Active:          4280900 kB
Inactive:        2942904 kB
Active(anon):    2282856 kB
Inactive(anon):   515948 kB
Active(file):    1998044 kB
Inactive(file):  2426956 kB
Unevictable:          64 kB
Mlocked:              64 kB
SwapTotal:       8269820 kB
SwapFree:        8269820 kB
Dirty:                72 kB
Writeback:             0 kB
AnonPages:       2251748 kB
Mapped:           414872 kB
Shmem:            547748 kB
Slab:             321120 kB
SReclaimable:     279044 kB
SUnreclaim:        42076 kB
KernelStack:        5568 kB
PageTables:        53452 kB
NFS_Unstable:          0 kB
Bounce:                0 kB
WritebackTmp:          0 kB
CommitLimit:    12300396 kB
Committed_AS:    8973792 kB
VmallocTotal:   34359738367 kB
VmallocUsed:      362740 kB
VmallocChunk:   34359370200 kB
HardwareCorrupted:     0 kB
AnonHugePages:         0 kB
HugePages_Total:       0
HugePages_Free:        0
HugePages_Rsvd:        0
HugePages_Surp:        0
Hugepagesize:       2048 kB
DirectMap4k:       94208 kB
DirectMap2M:     8198144 kB


CPU:total 4 (2 cores per cpu, 2 threads per core) family 6 model 58 stepping 9, cmov, cx8, fxsr, mmx, sse, sse2, sse3, ssse3, sse4.1, sse4.2, popcnt, ht

Memory: 4k page, physical 8061152k(361636k free), swap 8269820k(8269820k free)

vm_info: OpenJDK 64-Bit Server VM (20.0-b12) for linux-amd64 JRE (1.6.0_27-b27), built on Apr 25 2013 17:38:03 by "buildd" with gcc 4.7.3

time: Sat May 25 14:10:54 2013
elapsed time: 0 seconds

